[2025-07-31 17:05:12] Disk usage at 3.9% (threshold 70%)
[2025-07-31 17:10:12] Disk usage at 3.9% (threshold 70%)
[2025-07-31 17:13:37] Disk usage at 3.9% (threshold 1%)
[2025-07-31 17:13:37] Threshold exceeded! Starting compression...
[2025-07-31 17:13:37] No old logs found in /var/log/apache2/
[2025-07-31 17:13:37] Found 3 old log files in /var/www/laravel/public/logs
[2025-07-31 17:13:37] Found 3 old log files in /var/www/laravel/storage/logs
[2025-07-31 17:22:11] Disk usage at 3.9% (threshold 1%)
[2025-07-31 17:22:11] Threshold exceeded! Starting compression...
[2025-07-31 17:22:11] Found 6 old log files in /var/log/apache2/
[2025-07-31 17:22:11] Found 3 old log files in /var/www/laravel/public/logs
[2025-07-31 17:22:11] Found 3 old log files in /var/www/laravel/storage/logs
[2025-07-31 17:22:39] Disk usage at 3.9% (threshold 1%)
[2025-07-31 17:22:39] Threshold exceeded! Starting compression...
[2025-07-31 17:22:39] Found 6 old log files in /var/log/apache2/
[2025-07-31 17:42:17] Disk usage at 3.9% (threshold 1%)
[2025-07-31 17:42:18] Threshold exceeded! Starting compression...
[2025-07-31 17:42:18] No old logs found in /var/log/apache2/
[2025-07-31 17:42:18] Found 3 old log files in /var/www/laravel/public/logs
[2025-07-31 17:42:18] Found 3 old log files in /var/www/laravel/storage/logs
[2025-07-31 17:42:31] Disk usage at 3.9% (threshold 1%)
[2025-07-31 17:42:31] Threshold exceeded! Starting compression...
[2025-07-31 17:42:31] Found 6 old log files in /var/log/apache2/
[2025-07-31 17:42:31] Found 3 old log files in /var/www/laravel/public/logs
[2025-07-31 17:42:31] Found 3 old log files in /var/www/laravel/storage/logs
[2025-07-31 17:44:06] Disk usage at 3.9% (threshold 1%)
[2025-07-31 17:44:06] Threshold exceeded! Starting compression...
[2025-07-31 17:44:06] Found 6 old log files in /var/log/apache2/
[2025-07-31 17:44:06] Found 3 old log files in /var/www/laravel/public/logs
[2025-07-31 17:44:06] Found 3 old log files in /var/www/laravel/storage/logs
[2025-07-31 17:44:18] Disk usage at 3.9% (threshold 1%)
[2025-07-31 17:44:18] Threshold exceeded! Starting compression...
[2025-07-31 17:44:18] Found 6 old log files in /var/log/apache2/
[2025-07-31 18:04:40] Disk usage at 3.9% (threshold 1%)
[2025-07-31 18:04:40] Threshold exceeded! Starting compression...
[2025-07-31 18:04:40] Found 5 old log files in /var/log/apache2/
[2025-07-31 18:04:40] Found 2 old log files in /var/www/laravel/public/logs
[2025-07-31 18:04:40] Found 2 old log files in /var/www/laravel/storage/logs
[2025-07-31 18:07:38] Disk usage at 3.9% (threshold 1%)
[2025-07-31 18:07:38] Threshold exceeded! Starting compression...
[2025-07-31 18:07:38] Found 5 old log files in /var/log/apache2/
[2025-07-31 18:07:38] Found 2 old log files in /var/www/laravel/public/logs
[2025-07-31 18:07:38] Found 2 old log files in /var/www/laravel/storage/logs
[2025-07-31 18:12:31] Disk usage at 3.9% (threshold 1%)
[2025-07-31 18:12:31] Threshold exceeded! Starting compression...
[2025-07-31 18:12:31] Found 5 old log files in /var/log/apache2/
[2025-07-31 18:12:31] Compressed 5 files: 0.00MB → 0.00MB (Saved -0.00MB)
[2025-07-31 18:12:31] Found 2 old log files in /var/www/laravel/public/logs
[2025-07-31 18:12:31] Compressed 2 files: 0.00MB → 0.00MB (Saved -0.00MB)
[2025-07-31 18:12:31] Found 2 old log files in /var/www/laravel/storage/logs
[2025-07-31 18:12:31] Compressed 2 files: 0.00MB → 0.00MB (Saved -0.00MB)
[2025-07-31 19:50:43] Disk usage at 14.89% (threshold 1%)
[2025-07-31 19:50:43] Threshold exceeded! Starting compression...
[2025-07-31 19:50:43] Found 39 old log files in /var/log/apache2/
[2025-07-31 19:50:43] Found 34 old log files in /var/www/laravel/public/logs
[2025-07-31 19:50:43] Found 34 old log files in /var/www/laravel/storage/logs
[2025-07-31 19:55:43] Disk usage at 14.89% (threshold 1%)
[2025-07-31 19:55:43] Threshold exceeded! Starting compression...
[2025-07-31 19:55:43] Found 39 old log files in /var/log/apache2/
[2025-07-31 19:55:43] Found 34 old log files in /var/www/laravel/public/logs
[2025-07-31 19:55:43] Found 34 old log files in /var/www/laravel/storage/logs
[2025-07-31 20:00:43] Disk usage at 14.89% (threshold 1%)
[2025-07-31 20:00:43] Threshold exceeded! Starting compression...
[2025-07-31 20:00:43] Found 39 old log files in /var/log/apache2/
[2025-07-31 20:00:43] Found 34 old log files in /var/www/laravel/public/logs
[2025-07-31 20:00:43] Found 34 old log files in /var/www/laravel/storage/logs
[2025-07-31 20:05:43] Disk usage at 14.89% (threshold 1%)
[2025-07-31 20:05:43] Threshold exceeded! Starting compression...
[2025-07-31 20:05:43] Found 39 old log files in /var/log/apache2/
[2025-07-31 20:05:43] Found 34 old log files in /var/www/laravel/public/logs
[2025-07-31 20:05:43] Found 34 old log files in /var/www/laravel/storage/logs
[2025-07-31 20:10:43] Disk usage at 14.89% (threshold 1%)
[2025-07-31 20:10:43] Threshold exceeded! Starting compression...
[2025-07-31 20:10:43] Found 39 old log files in /var/log/apache2/
[2025-07-31 20:10:43] Found 34 old log files in /var/www/laravel/public/logs
[2025-07-31 20:10:43] Found 34 old log files in /var/www/laravel/storage/logs
[2025-07-31 20:15:43] Disk usage at 14.89% (threshold 1%)
[2025-07-31 20:15:43] Threshold exceeded! Starting compression...
[2025-07-31 20:15:43] Found 39 old log files in /var/log/apache2/
[2025-07-31 20:15:43] Found 34 old log files in /var/www/laravel/public/logs
[2025-07-31 20:15:43] Found 34 old log files in /var/www/laravel/storage/logs
[2025-07-31 20:20:43] Disk usage at 14.89% (threshold 1%)
[2025-07-31 20:20:43] Threshold exceeded! Starting compression...
[2025-07-31 20:20:43] Found 39 old log files in /var/log/apache2/
[2025-07-31 20:20:43] Found 34 old log files in /var/www/laravel/public/logs
[2025-07-31 20:20:43] Found 34 old log files in /var/www/laravel/storage/logs
[2025-07-31 20:25:43] Disk usage at 14.89% (threshold 1%)
[2025-07-31 20:25:43] Threshold exceeded! Starting compression...
[2025-07-31 20:25:43] Found 39 old log files in /var/log/apache2/
[2025-07-31 20:25:43] Found 34 old log files in /var/www/laravel/public/logs
[2025-07-31 20:25:43] Found 34 old log files in /var/www/laravel/storage/logs
[2025-07-31 20:30:43] Disk usage at 14.89% (threshold 1%)
[2025-07-31 20:30:43] Threshold exceeded! Starting compression...
[2025-07-31 20:30:43] Found 39 old log files in /var/log/apache2/
[2025-07-31 20:30:43] Found 34 old log files in /var/www/laravel/public/logs
[2025-07-31 20:30:43] Found 34 old log files in /var/www/laravel/storage/logs
[2025-07-31 20:35:43] Disk usage at 14.89% (threshold 1%)
[2025-07-31 20:35:43] Threshold exceeded! Starting compression...
[2025-07-31 20:35:43] Found 39 old log files in /var/log/apache2/
[2025-07-31 20:35:43] Found 34 old log files in /var/www/laravel/public/logs
[2025-07-31 20:35:43] Found 34 old log files in /var/www/laravel/storage/logs
